[0.344s] Invoking command in '/home/hkit/Downloads/test/mediapipe_only/Ros2_ws/build/result_subscriber': CMAKE_PREFIX_PATH=${CMAKE_PREFIX_PATH}:/home/hkit/ros2_ws/install/ros_study_py:/home/hkit/ros2_ws/install/ex_calculator_py:/home/hkit/ros2_ws/install/opencv_py:/home/hkit/ros2_ws/install/hangman_game:/opt/ros/humble /usr/bin/cmake --build /home/hkit/Downloads/test/mediapipe_only/Ros2_ws/build/result_subscriber -- -j8 -l8
[0.442s] [35m[1mConsolidate compiler generated dependencies of target result_subscriber_node[0m
[0.472s] [ 50%] [32mBuilding CXX object CMakeFiles/result_subscriber_node.dir/src/result_subscriber_node.cpp.o[0m
[0.888s] [01m[K/home/hkit/Downloads/test/mediapipe_only/Ros2_ws/src/result_subscriber/src/result_subscriber_node.cpp:2:10:[m[K [01;31m[Kfatal error: [m[Ksensor_msgs/msg/image.hpp: ê·¸ëŸ° íŒŒì¼ì´ë‚˜ ë””ë ‰í„°ë¦¬ê°€ ì—†ìŠµë‹ˆë‹¤
[0.888s]     2 | #include [01;31m[K<sensor_msgs/msg/image.hpp>[m[K
[0.888s]       |          [01;31m[K^~~~~~~~~~~~~~~~~~~~~~~~~~~[m[K
[0.888s] compilation terminated.
[0.892s] gmake[2]: *** [CMakeFiles/result_subscriber_node.dir/build.make:76: CMakeFiles/result_subscriber_node.dir/src/result_subscriber_node.cpp.o] ì˜¤ë¥˜ 1
[0.892s] gmake[1]: *** [CMakeFiles/Makefile2:137: CMakeFiles/result_subscriber_node.dir/all] ì˜¤ë¥˜ 2
[0.892s] gmake: *** [Makefile:146: all] ì˜¤ë¥˜ 2
[0.897s] Invoked command in '/home/hkit/Downloads/test/mediapipe_only/Ros2_ws/build/result_subscriber' returned '2': CMAKE_PREFIX_PATH=${CMAKE_PREFIX_PATH}:/home/hkit/ros2_ws/install/ros_study_py:/home/hkit/ros2_ws/install/ex_calculator_py:/home/hkit/ros2_ws/install/opencv_py:/home/hkit/ros2_ws/install/hangman_game:/opt/ros/humble /usr/bin/cmake --build /home/hkit/Downloads/test/mediapipe_only/Ros2_ws/build/result_subscriber -- -j8 -l8
