[0.334s] Invoking command in '/home/hkit/Downloads/test/mediapipe_only/Ros2_ws/build/result_subscriber': CMAKE_PREFIX_PATH=${CMAKE_PREFIX_PATH}:/home/hkit/ros2_ws/install/ros_study_py:/home/hkit/ros2_ws/install/ex_calculator_py:/home/hkit/ros2_ws/install/opencv_py:/home/hkit/ros2_ws/install/hangman_game:/opt/ros/humble /usr/bin/cmake --build /home/hkit/Downloads/test/mediapipe_only/Ros2_ws/build/result_subscriber -- -j8 -l8
[0.478s] [ 50%] [32mBuilding CXX object CMakeFiles/result_subscriber_node.dir/src/result_subscriber_node.cpp.o[0m
[0.497s] [01m[K/home/hkit/Downloads/test/mediapipe_only/Ros2_ws/src/result_subscriber/src/result_subscriber_node.cpp:9:26:[m[K [01;35m[Kwarning: [m[Kcharacter constant too long for its type
[0.497s]     9 |         super().__init__([01;35m[K'image_subscriber'[m[K)
[0.497s]       |                          [01;35m[K^~~~~~~~~~~~~~~~~~[m[K
[0.497s] [01m[K/home/hkit/Downloads/test/mediapipe_only/Ros2_ws/src/result_subscriber/src/result_subscriber_node.cpp:12:13:[m[K [01;35m[Kwarning: [m[Kcharacter constant too long for its type
[0.497s]    12 |             [01;35m[K'gui_image'[m[K,
[0.497s]       |             [01;35m[K^~~~~~~~~~~[m[K
[0.497s] [01m[K/home/hkit/Downloads/test/mediapipe_only/Ros2_ws/src/result_subscriber/src/result_subscriber_node.cpp:18:11:[m[K [01;31m[Kerror: [m[Kinvalid preprocessing directive #sensor_msgs
[0.497s]    18 |         # [01;31m[Ksensor_msgs[m[K/Image ÌÉÄÏûÖÎßå Ï≤òÎ¶¨
[0.497s]       |           [01;31m[K^~~~~~~~~~~[m[K
[0.498s] [01m[K/home/hkit/Downloads/test/mediapipe_only/Ros2_ws/src/result_subscriber/src/result_subscriber_node.cpp:20:36:[m[K [01;35m[Kwarning: [m[Kcharacter constant too long for its type
[0.498s]    20 |             self.get_logger().warn([01;35m[K'Ïù¥ÎØ∏ÏßÄ Î©îÏãúÏßÄÍ∞Ä ÏïÑÎãôÎãàÎã§. Î¨¥ÏãúÌï©ÎãàÎã§.'[m[K)
[0.498s]       |                                    [01;35m[K^~~~~~~~~~~~~~~~~~~~~~~~~~~~~~~~~~~~~~~[m[K
[0.498s] [01m[K/home/hkit/Downloads/test/mediapipe_only/Ros2_ws/src/result_subscriber/src/result_subscriber_node.cpp:23:70:[m[K [01;35m[Kwarning: [m[Kmulti-character character constant [[01;35m[K]8;;https://gcc.gnu.org/onlinedocs/gcc/Warning-Options.html#index-Wmultichar-Wmultichar]8;;[m[K]
[0.498s]    23 |             cv_img = self.bridge.imgmsg_to_cv2(msg, desired_encoding=[01;35m[K'bgr8'[m[K)
[0.498s]       |                                                                      [01;35m[K^~~~~~[m[K
[0.498s] [01m[K/home/hkit/Downloads/test/mediapipe_only/Ros2_ws/src/result_subscriber/src/result_subscriber_node.cpp:24:24:[m[K [01;35m[Kwarning: [m[Kcharacter constant too long for its type
[0.498s]    24 |             cv2.imshow([01;35m[K'Subscribed GUI Image'[m[K, cv_img)
[0.498s]       |                        [01;35m[K^~~~~~~~~~~~~~~~~~~~~~[m[K
[0.498s] [01m[K/home/hkit/Downloads/test/mediapipe_only/Ros2_ws/src/result_subscriber/src/result_subscriber_node.cpp:27:37:[m[K [01;35m[Kwarning: [m[Kcharacter constant too long for its type
[0.498s]    27 |             self.get_logger().error([01;35m[K'Ïù¥ÎØ∏ÏßÄ Î≥ÄÌôò Ïò§Î•ò: {e}'[m[K)
[0.499s]       |                                     [01;35m[K^~~~~~~~~~~~~~~~~~~~~~~[m[K
[0.499s] [01m[K/home/hkit/Downloads/test/mediapipe_only/Ros2_ws/src/result_subscriber/src/result_subscriber_node.cpp:40:16:[m[K [01;35m[Kwarning: [m[Kcharacter constant too long for its type
[0.499s]    40 | if __name__ == [01;35m[K'__main__'[m[K:
[0.499s]       |                [01;35m[K^~~~~~~~~~[m[K
[0.499s] [01m[K/home/hkit/Downloads/test/mediapipe_only/Ros2_ws/src/result_subscriber/src/result_subscriber_node.cpp:1:1:[m[K [01;31m[Kerror: [m[K‚Äò[01m[Kimport[m[K‚Äô does not name a type
[0.499s]     1 | [01;31m[Kimport[m[K rclpy
[0.499s]       | [01;31m[K^~~~~~[m[K
[0.499s] [01m[K/home/hkit/Downloads/test/mediapipe_only/Ros2_ws/src/result_subscriber/src/result_subscriber_node.cpp:1:1:[m[K [01;36m[Knote: [m[KC++20 ‚Äò[01m[Kimport[m[K‚Äô only available with ‚Äò[01m[K-fmodules-ts[m[K‚Äô
[0.499s] gmake[2]: *** [CMakeFiles/result_subscriber_node.dir/build.make:76: CMakeFiles/result_subscriber_node.dir/src/result_subscriber_node.cpp.o] Ïò§Î•ò 1
[0.500s] gmake[1]: *** [CMakeFiles/Makefile2:137: CMakeFiles/result_subscriber_node.dir/all] Ïò§Î•ò 2
[0.500s] gmake: *** [Makefile:146: all] Ïò§Î•ò 2
[0.507s] Invoked command in '/home/hkit/Downloads/test/mediapipe_only/Ros2_ws/build/result_subscriber' returned '2': CMAKE_PREFIX_PATH=${CMAKE_PREFIX_PATH}:/home/hkit/ros2_ws/install/ros_study_py:/home/hkit/ros2_ws/install/ex_calculator_py:/home/hkit/ros2_ws/install/opencv_py:/home/hkit/ros2_ws/install/hangman_game:/opt/ros/humble /usr/bin/cmake --build /home/hkit/Downloads/test/mediapipe_only/Ros2_ws/build/result_subscriber -- -j8 -l8
