[ 50%] [32mBuilding CXX object CMakeFiles/result_subscriber_node.dir/src/result_subscriber_node.cpp.o[0m
[01m[K/home/hkit/Downloads/test/mediapipe_only/Ros2_ws/src/result_subscriber/src/result_subscriber_node.cpp:2:10:[m[K [01;31m[Kfatal error: [m[Ksensor_msgs/msg/image.hpp: ê·¸ëŸ° íŒŒì¼ì´ë‚˜ ë””ë ‰í„°ë¦¬ê°€ ì—†ìŠµë‹ˆë‹¤
    2 | #include [01;31m[K<sensor_msgs/msg/image.hpp>[m[K
      |          [01;31m[K^~~~~~~~~~~~~~~~~~~~~~~~~~~[m[K
compilation terminated.
gmake[2]: *** [CMakeFiles/result_subscriber_node.dir/build.make:76: CMakeFiles/result_subscriber_node.dir/src/result_subscriber_node.cpp.o] ì˜¤ë¥˜ 1
gmake[1]: *** [CMakeFiles/Makefile2:137: CMakeFiles/result_subscriber_node.dir/all] ì˜¤ë¥˜ 2
gmake: *** [Makefile:146: all] ì˜¤ë¥˜ 2
